[2026-02-03 04:22:14] error toggling favorite: Cannot add or update a child row: a foreign key constraint fails (`resep_db`.`favorit`, CONSTRAINT `favorit_ibfk_1` FOREIGN KEY (`user_id`) REFERENCES `users` (`id`) ON DELETE CASCADE)
[2026-02-03 04:23:17] error toggling favorite: Cannot add or update a child row: a foreign key constraint fails (`resep_db`.`favorit`, CONSTRAINT `favorit_ibfk_1` FOREIGN KEY (`user_id`) REFERENCES `users` (`id`) ON DELETE CASCADE)
[2026-02-03 04:23:33] error toggling favorite: Cannot add or update a child row: a foreign key constraint fails (`resep_db`.`favorit`, CONSTRAINT `favorit_ibfk_1` FOREIGN KEY (`user_id`) REFERENCES `users` (`id`) ON DELETE CASCADE)
[2026-02-03 04:26:47] error toggling favorite: Unknown column 'uid' in 'field list'
[2026-02-03 04:28:00] user=Ql1pILdtfYbjjSJOsIcitrLRF7q1 recipe=2 action=add changed=1 fav=1
[2026-02-03 04:28:01] user=Ql1pILdtfYbjjSJOsIcitrLRF7q1 recipe=2 action=remove changed=1 fav=0
[2026-02-03 04:28:01] user=Ql1pILdtfYbjjSJOsIcitrLRF7q1 recipe=2 action=add changed=1 fav=1
[2026-02-03 04:28:02] user=Ql1pILdtfYbjjSJOsIcitrLRF7q1 recipe=2 action=remove changed=1 fav=0
[2026-02-03 04:28:02] user=Ql1pILdtfYbjjSJOsIcitrLRF7q1 recipe=2 action=add changed=1 fav=1
[2026-02-03 04:28:02] user=Ql1pILdtfYbjjSJOsIcitrLRF7q1 recipe=2 action=remove changed=1 fav=0
[2026-02-03 04:28:02] user=Ql1pILdtfYbjjSJOsIcitrLRF7q1 recipe=2 action=add changed=1 fav=1
[2026-02-03 04:28:02] user=Ql1pILdtfYbjjSJOsIcitrLRF7q1 recipe=2 action=remove changed=1 fav=0
[2026-02-03 04:28:02] user=Ql1pILdtfYbjjSJOsIcitrLRF7q1 recipe=2 action=add changed=1 fav=1
[2026-02-03 04:28:02] user=Ql1pILdtfYbjjSJOsIcitrLRF7q1 recipe=2 action=remove changed=1 fav=0
[2026-02-03 04:28:03] user=Ql1pILdtfYbjjSJOsIcitrLRF7q1 recipe=2 action=add changed=1 fav=1
[2026-02-03 04:28:03] user=Ql1pILdtfYbjjSJOsIcitrLRF7q1 recipe=2 action=remove changed=1 fav=0
[2026-02-03 04:28:03] user=Ql1pILdtfYbjjSJOsIcitrLRF7q1 recipe=2 action=add changed=1 fav=1
[2026-02-03 04:28:03] user=Ql1pILdtfYbjjSJOsIcitrLRF7q1 recipe=2 action=remove changed=1 fav=0
[2026-02-03 04:28:03] user=Ql1pILdtfYbjjSJOsIcitrLRF7q1 recipe=2 action=add changed=1 fav=1
[2026-02-03 04:28:03] user=Ql1pILdtfYbjjSJOsIcitrLRF7q1 recipe=2 action=remove changed=1 fav=0
[2026-02-03 04:28:03] user=Ql1pILdtfYbjjSJOsIcitrLRF7q1 recipe=2 action=add changed=1 fav=1
[2026-02-03 04:28:04] user=Ql1pILdtfYbjjSJOsIcitrLRF7q1 recipe=2 action=remove changed=1 fav=0
[2026-02-03 04:28:04] user=Ql1pILdtfYbjjSJOsIcitrLRF7q1 recipe=2 action=add changed=1 fav=1
[2026-02-03 04:28:04] user=Ql1pILdtfYbjjSJOsIcitrLRF7q1 recipe=2 action=remove changed=1 fav=0
[2026-02-03 04:28:04] user=Ql1pILdtfYbjjSJOsIcitrLRF7q1 recipe=2 action=add changed=1 fav=1
[2026-02-03 04:28:04] user=Ql1pILdtfYbjjSJOsIcitrLRF7q1 recipe=2 action=remove changed=1 fav=0
[2026-02-03 04:28:04] user=Ql1pILdtfYbjjSJOsIcitrLRF7q1 recipe=2 action=add changed=1 fav=1
[2026-02-03 04:28:05] user=Ql1pILdtfYbjjSJOsIcitrLRF7q1 recipe=2 action=remove changed=1 fav=0
[2026-02-03 04:28:05] user=Ql1pILdtfYbjjSJOsIcitrLRF7q1 recipe=2 action=add changed=1 fav=1
[2026-02-03 04:28:06] user=Ql1pILdtfYbjjSJOsIcitrLRF7q1 recipe=1 action=add changed=1 fav=1
[2026-02-03 04:28:06] user=Ql1pILdtfYbjjSJOsIcitrLRF7q1 recipe=1 action=remove changed=1 fav=0
[2026-02-03 05:05:58] user=Ql1pILdtfYbjjSJOsIcitrLRF7q1 recipe=1 action=add changed=1 fav=1
[2026-02-03 05:05:59] user=Ql1pILdtfYbjjSJOsIcitrLRF7q1 recipe=1 action=remove changed=1 fav=0
[2026-02-03 05:06:00] user=Ql1pILdtfYbjjSJOsIcitrLRF7q1 recipe=1 action=add changed=1 fav=1
[2026-02-05 01:00:57] user=Ql1pILdtfYbjjSJOsIcitrLRF7q1 recipe=2 action=add changed=0 fav=1
[2026-02-05 04:46:45] user=Ql1pILdtfYbjjSJOsIcitrLRF7q1 recipe=1 action=remove changed=1 fav=0
[2026-02-05 04:46:46] user=Ql1pILdtfYbjjSJOsIcitrLRF7q1 recipe=1 action=add changed=1 fav=1
[2026-02-05 04:46:46] user=Ql1pILdtfYbjjSJOsIcitrLRF7q1 recipe=1 action=remove changed=1 fav=0
[2026-02-05 04:46:46] user=Ql1pILdtfYbjjSJOsIcitrLRF7q1 recipe=1 action=add changed=1 fav=1
[2026-02-05 04:46:46] user=Ql1pILdtfYbjjSJOsIcitrLRF7q1 recipe=1 action=remove changed=1 fav=0
[2026-02-05 04:46:46] user=Ql1pILdtfYbjjSJOsIcitrLRF7q1 recipe=1 action=add changed=1 fav=1
[2026-02-05 04:46:48] user=Ql1pILdtfYbjjSJOsIcitrLRF7q1 recipe=1 action=remove changed=1 fav=0
[2026-02-05 04:46:48] user=Ql1pILdtfYbjjSJOsIcitrLRF7q1 recipe=1 action=add changed=1 fav=1
[2026-02-05 04:46:51] user=Ql1pILdtfYbjjSJOsIcitrLRF7q1 recipe=1 action=remove changed=1 fav=0
[2026-02-05 08:38:30] user=Ql1pILdtfYbjjSJOsIcitrLRF7q1 recipe=2 action=remove changed=1 fav=0
[2026-02-05 08:38:40] user=Ql1pILdtfYbjjSJOsIcitrLRF7q1 recipe=1 action=add changed=1 fav=1
[2026-02-05 08:38:41] user=Ql1pILdtfYbjjSJOsIcitrLRF7q1 recipe=2 action=add changed=1 fav=1
[2026-02-05 08:38:42] user=Ql1pILdtfYbjjSJOsIcitrLRF7q1 recipe=3 action=add changed=1 fav=1
[2026-02-05 08:38:45] user=Ql1pILdtfYbjjSJOsIcitrLRF7q1 recipe=1 action=remove changed=1 fav=0
[2026-02-05 08:38:46] user=Ql1pILdtfYbjjSJOsIcitrLRF7q1 recipe=1 action=add changed=1 fav=1
[2026-02-06 03:15:20] user=Ql1pILdtfYbjjSJOsIcitrLRF7q1 recipe=1 action=remove changed=1 fav=0
[2026-02-06 03:15:35] user=Ql1pILdtfYbjjSJOsIcitrLRF7q1 recipe=1 action=add changed=1 fav=1
[2026-02-06 06:37:52] user=Ql1pILdtfYbjjSJOsIcitrLRF7q1 recipe=1 action=add changed=0 fav=1
[2026-02-06 06:37:54] user=Ql1pILdtfYbjjSJOsIcitrLRF7q1 recipe=1 action=remove changed=1 fav=0
[2026-02-06 06:50:12] user=Ql1pILdtfYbjjSJOsIcitrLRF7q1 recipe=3 action=remove changed=1 fav=0
[2026-02-06 06:54:41] user=Ql1pILdtfYbjjSJOsIcitrLRF7q1 recipe=7 action= changed=1 fav=1
[2026-02-06 06:54:48] user=Ql1pILdtfYbjjSJOsIcitrLRF7q1 recipe=7 action=remove changed=1 fav=0
[2026-02-06 06:54:51] user=Ql1pILdtfYbjjSJOsIcitrLRF7q1 recipe=2 action=add changed=0 fav=1
[2026-02-06 06:54:52] user=Ql1pILdtfYbjjSJOsIcitrLRF7q1 recipe=2 action=remove changed=1 fav=0
[2026-02-06 06:54:52] user=Ql1pILdtfYbjjSJOsIcitrLRF7q1 recipe=2 action=add changed=1 fav=1
[2026-02-06 06:54:53] user=Ql1pILdtfYbjjSJOsIcitrLRF7q1 recipe=2 action=remove changed=1 fav=0
[2026-02-06 06:57:02] user=Ql1pILdtfYbjjSJOsIcitrLRF7q1 recipe=2 action=add changed=1 fav=1
[2026-02-06 06:57:03] user=Ql1pILdtfYbjjSJOsIcitrLRF7q1 recipe=2 action=remove changed=1 fav=0
[2026-02-06 06:57:03] user=Ql1pILdtfYbjjSJOsIcitrLRF7q1 recipe=2 action=add changed=1 fav=1
[2026-02-06 06:57:04] user=Ql1pILdtfYbjjSJOsIcitrLRF7q1 recipe=2 action=remove changed=1 fav=0
[2026-02-06 06:57:04] user=Ql1pILdtfYbjjSJOsIcitrLRF7q1 recipe=2 action=add changed=1 fav=1
[2026-02-06 06:57:04] user=Ql1pILdtfYbjjSJOsIcitrLRF7q1 recipe=2 action=remove changed=1 fav=0
[2026-02-06 06:57:04] user=Ql1pILdtfYbjjSJOsIcitrLRF7q1 recipe=2 action=add changed=1 fav=1
[2026-02-06 06:57:06] user=Ql1pILdtfYbjjSJOsIcitrLRF7q1 recipe=1 action= changed=1 fav=1
[2026-02-06 06:57:07] user=Ql1pILdtfYbjjSJOsIcitrLRF7q1 recipe=1 action= changed=1 fav=0
[2026-02-06 06:57:10] user=Ql1pILdtfYbjjSJOsIcitrLRF7q1 recipe=2 action=remove changed=1 fav=0
[2026-02-06 06:57:24] user=Ql1pILdtfYbjjSJOsIcitrLRF7q1 recipe=4 action= changed=1 fav=1
[2026-02-06 06:57:25] user=Ql1pILdtfYbjjSJOsIcitrLRF7q1 recipe=4 action= changed=1 fav=0
[2026-02-06 06:57:26] user=Ql1pILdtfYbjjSJOsIcitrLRF7q1 recipe=4 action= changed=1 fav=1
[2026-02-06 06:57:26] user=Ql1pILdtfYbjjSJOsIcitrLRF7q1 recipe=4 action= changed=1 fav=0
[2026-02-06 06:57:27] user=Ql1pILdtfYbjjSJOsIcitrLRF7q1 recipe=4 action= changed=1 fav=1
[2026-02-06 06:57:28] user=Ql1pILdtfYbjjSJOsIcitrLRF7q1 recipe=4 action= changed=1 fav=0
[2026-02-06 06:57:29] user=Ql1pILdtfYbjjSJOsIcitrLRF7q1 recipe=4 action= changed=1 fav=1
[2026-02-06 06:57:30] user=Ql1pILdtfYbjjSJOsIcitrLRF7q1 recipe=4 action= changed=1 fav=0
[2026-02-06 06:57:30] user=Ql1pILdtfYbjjSJOsIcitrLRF7q1 recipe=4 action= changed=1 fav=1
[2026-02-06 06:57:31] user=Ql1pILdtfYbjjSJOsIcitrLRF7q1 recipe=4 action= changed=1 fav=0
[2026-02-06 06:57:37] user=Ql1pILdtfYbjjSJOsIcitrLRF7q1 recipe=2 action= changed=1 fav=1
[2026-02-06 06:57:52] user=Ql1pILdtfYbjjSJOsIcitrLRF7q1 recipe=3 action=add changed=1 fav=1
[2026-02-06 06:57:52] user=Ql1pILdtfYbjjSJOsIcitrLRF7q1 recipe=3 action=remove changed=1 fav=0
[2026-02-06 06:57:53] user=Ql1pILdtfYbjjSJOsIcitrLRF7q1 recipe=3 action=add changed=1 fav=1
[2026-02-06 06:57:53] user=Ql1pILdtfYbjjSJOsIcitrLRF7q1 recipe=3 action=remove changed=1 fav=0
[2026-02-06 06:59:15] user=Ql1pILdtfYbjjSJOsIcitrLRF7q1 recipe=2 action=add changed=0 fav=1
[2026-02-06 06:59:16] user=Ql1pILdtfYbjjSJOsIcitrLRF7q1 recipe=2 action=remove changed=1 fav=0
[2026-02-06 06:59:17] user=Ql1pILdtfYbjjSJOsIcitrLRF7q1 recipe=2 action=add changed=1 fav=1
[2026-02-06 06:59:17] user=Ql1pILdtfYbjjSJOsIcitrLRF7q1 recipe=2 action=remove changed=1 fav=0
[2026-02-06 06:59:17] user=Ql1pILdtfYbjjSJOsIcitrLRF7q1 recipe=2 action=add changed=1 fav=1
[2026-02-06 06:59:17] user=Ql1pILdtfYbjjSJOsIcitrLRF7q1 recipe=2 action=remove changed=1 fav=0
[2026-02-06 06:59:17] user=Ql1pILdtfYbjjSJOsIcitrLRF7q1 recipe=2 action=add changed=1 fav=1
[2026-02-06 06:59:18] user=Ql1pILdtfYbjjSJOsIcitrLRF7q1 recipe=3 action=add changed=1 fav=1
[2026-02-06 06:59:23] user=Ql1pILdtfYbjjSJOsIcitrLRF7q1 recipe=2 action=remove changed=1 fav=0
[2026-02-06 06:59:24] user=Ql1pILdtfYbjjSJOsIcitrLRF7q1 recipe=3 action=remove changed=1 fav=0
[2026-02-06 07:00:12] user=Ql1pILdtfYbjjSJOsIcitrLRF7q1 recipe=2 action=add changed=1 fav=1
[2026-02-06 07:00:13] user=Ql1pILdtfYbjjSJOsIcitrLRF7q1 recipe=2 action=remove changed=1 fav=0
[2026-02-06 07:00:13] user=Ql1pILdtfYbjjSJOsIcitrLRF7q1 recipe=2 action=add changed=1 fav=1
[2026-02-06 07:00:13] user=Ql1pILdtfYbjjSJOsIcitrLRF7q1 recipe=2 action=remove changed=1 fav=0
[2026-02-06 07:00:14] user=Ql1pILdtfYbjjSJOsIcitrLRF7q1 recipe=2 action=add changed=1 fav=1
[2026-02-06 07:00:14] user=Ql1pILdtfYbjjSJOsIcitrLRF7q1 recipe=2 action=remove changed=1 fav=0
[2026-02-06 07:00:14] user=Ql1pILdtfYbjjSJOsIcitrLRF7q1 recipe=2 action=add changed=1 fav=1
[2026-02-06 07:00:14] user=Ql1pILdtfYbjjSJOsIcitrLRF7q1 recipe=2 action=remove changed=1 fav=0
[2026-02-06 07:00:14] user=Ql1pILdtfYbjjSJOsIcitrLRF7q1 recipe=2 action=add changed=1 fav=1
[2026-02-06 07:01:44] user=Ql1pILdtfYbjjSJOsIcitrLRF7q1 recipe=1 action=add changed=1 fav=1
[2026-02-06 07:01:44] user=Ql1pILdtfYbjjSJOsIcitrLRF7q1 recipe=1 action=remove changed=1 fav=0
[2026-02-06 07:01:44] user=Ql1pILdtfYbjjSJOsIcitrLRF7q1 recipe=1 action=add changed=1 fav=1
[2026-02-06 07:01:44] user=Ql1pILdtfYbjjSJOsIcitrLRF7q1 recipe=1 action=remove changed=1 fav=0
[2026-02-06 07:01:45] user=Ql1pILdtfYbjjSJOsIcitrLRF7q1 recipe=1 action=add changed=1 fav=1
[2026-02-06 07:01:46] user=Ql1pILdtfYbjjSJOsIcitrLRF7q1 recipe=2 action=remove changed=1 fav=0
[2026-02-06 07:01:47] user=Ql1pILdtfYbjjSJOsIcitrLRF7q1 recipe=2 action=add changed=1 fav=1
[2026-02-06 07:01:47] user=Ql1pILdtfYbjjSJOsIcitrLRF7q1 recipe=2 action=remove changed=1 fav=0
[2026-02-06 07:01:48] user=Ql1pILdtfYbjjSJOsIcitrLRF7q1 recipe=2 action=add changed=1 fav=1
[2026-02-06 07:01:49] user=Ql1pILdtfYbjjSJOsIcitrLRF7q1 recipe=3 action=add changed=1 fav=1
[2026-02-06 07:01:51] user=Ql1pILdtfYbjjSJOsIcitrLRF7q1 recipe=1 action= changed=1 fav=0
[2026-02-06 07:01:55] user=Ql1pILdtfYbjjSJOsIcitrLRF7q1 recipe=1 action=add changed=1 fav=1
[2026-02-06 07:02:01] user=Ql1pILdtfYbjjSJOsIcitrLRF7q1 recipe=3 action=remove changed=1 fav=0
[2026-02-06 07:02:01] user=Ql1pILdtfYbjjSJOsIcitrLRF7q1 recipe=3 action=add changed=1 fav=1
[2026-02-06 07:05:12] user=Ql1pILdtfYbjjSJOsIcitrLRF7q1 recipe=1 action=remove changed=1 fav=0
[2026-02-06 07:05:15] user=Ql1pILdtfYbjjSJOsIcitrLRF7q1 recipe=2 action=remove changed=1 fav=0
[2026-02-06 07:05:16] user=Ql1pILdtfYbjjSJOsIcitrLRF7q1 recipe=3 action=remove changed=1 fav=0
[2026-02-06 07:05:19] user=Ql1pILdtfYbjjSJOsIcitrLRF7q1 recipe=1 action= changed=1 fav=1
[2026-02-06 07:05:23] user=Ql1pILdtfYbjjSJOsIcitrLRF7q1 recipe=1 action=remove changed=1 fav=0
[2026-02-06 07:05:30] user=Ql1pILdtfYbjjSJOsIcitrLRF7q1 recipe=1 action=add changed=1 fav=1
[2026-02-06 07:05:31] user=Ql1pILdtfYbjjSJOsIcitrLRF7q1 recipe=1 action=remove changed=1 fav=0
[2026-02-06 07:05:40] user=Ql1pILdtfYbjjSJOsIcitrLRF7q1 recipe=2 action=add changed=1 fav=1
[2026-02-06 07:05:42] user=Ql1pILdtfYbjjSJOsIcitrLRF7q1 recipe=2 action=remove changed=1 fav=0
[2026-02-06 07:05:46] user=Ql1pILdtfYbjjSJOsIcitrLRF7q1 recipe=1 action= changed=1 fav=1
[2026-02-06 07:05:47] user=Ql1pILdtfYbjjSJOsIcitrLRF7q1 recipe=2 action= changed=1 fav=1
[2026-02-06 07:05:50] user=Ql1pILdtfYbjjSJOsIcitrLRF7q1 recipe=1 action=remove changed=1 fav=0
[2026-02-06 07:05:52] user=Ql1pILdtfYbjjSJOsIcitrLRF7q1 recipe=2 action=remove changed=1 fav=0
[2026-02-06 07:05:56] user=Ql1pILdtfYbjjSJOsIcitrLRF7q1 recipe=2 action=add changed=1 fav=1
[2026-02-06 07:05:56] user=Ql1pILdtfYbjjSJOsIcitrLRF7q1 recipe=2 action=remove changed=1 fav=0
[2026-02-06 07:05:58] user=Ql1pILdtfYbjjSJOsIcitrLRF7q1 recipe=5 action=add changed=1 fav=1
[2026-02-06 07:06:01] user=Ql1pILdtfYbjjSJOsIcitrLRF7q1 recipe=5 action=remove changed=1 fav=0
[2026-02-06 07:06:03] user=Ql1pILdtfYbjjSJOsIcitrLRF7q1 recipe=5 action=add changed=1 fav=1
[2026-02-06 07:07:27] user=Ql1pILdtfYbjjSJOsIcitrLRF7q1 recipe=5 action=remove changed=1 fav=0
[2026-02-06 07:07:29] user=Ql1pILdtfYbjjSJOsIcitrLRF7q1 recipe=1 action= changed=1 fav=1
[2026-02-06 07:10:49] user=Ql1pILdtfYbjjSJOsIcitrLRF7q1 recipe=2 action=add changed=1 fav=1
[2026-02-06 07:10:57] user=Ql1pILdtfYbjjSJOsIcitrLRF7q1 recipe=1 action= changed=1 fav=0
[2026-02-06 07:11:01] user=Ql1pILdtfYbjjSJOsIcitrLRF7q1 recipe=1 action=add changed=1 fav=1
[2026-02-06 07:11:05] user=Ql1pILdtfYbjjSJOsIcitrLRF7q1 recipe=1 action=remove changed=1 fav=0
[2026-02-06 07:11:07] user=Ql1pILdtfYbjjSJOsIcitrLRF7q1 recipe=1 action=add changed=1 fav=1
[2026-02-06 07:11:08] user=Ql1pILdtfYbjjSJOsIcitrLRF7q1 recipe=1 action=remove changed=1 fav=0
[2026-02-06 07:11:09] user=Ql1pILdtfYbjjSJOsIcitrLRF7q1 recipe=1 action=add changed=1 fav=1
[2026-02-06 07:11:10] user=Ql1pILdtfYbjjSJOsIcitrLRF7q1 recipe=2 action=remove changed=1 fav=0
[2026-02-06 07:14:42] user=Ql1pILdtfYbjjSJOsIcitrLRF7q1 recipe=1 action=remove changed=1 fav=0
[2026-02-06 07:14:56] user=Ql1pILdtfYbjjSJOsIcitrLRF7q1 recipe=2 action= changed=1 fav=1
[2026-02-06 07:15:52] user=Ql1pILdtfYbjjSJOsIcitrLRF7q1 recipe=2 action=remove changed=1 fav=0
[2026-02-06 07:17:38] user=Ql1pILdtfYbjjSJOsIcitrLRF7q1 recipe=2 action= changed=1 fav=1
[2026-02-06 07:17:39] user=Ql1pILdtfYbjjSJOsIcitrLRF7q1 recipe=2 action= changed=1 fav=0
[2026-02-06 07:17:40] user=Ql1pILdtfYbjjSJOsIcitrLRF7q1 recipe=2 action= changed=1 fav=1
[2026-02-06 07:17:41] user=Ql1pILdtfYbjjSJOsIcitrLRF7q1 recipe=1 action= changed=1 fav=1
[2026-02-06 07:17:41] user=Ql1pILdtfYbjjSJOsIcitrLRF7q1 recipe=1 action= changed=1 fav=0
[2026-02-06 07:17:42] user=Ql1pILdtfYbjjSJOsIcitrLRF7q1 recipe=2 action= changed=1 fav=0
[2026-02-06 07:17:43] user=Ql1pILdtfYbjjSJOsIcitrLRF7q1 recipe=3 action= changed=1 fav=1
[2026-02-06 07:18:56] user=Ql1pILdtfYbjjSJOsIcitrLRF7q1 recipe=1 action= changed=1 fav=1
[2026-02-06 07:19:03] user=Ql1pILdtfYbjjSJOsIcitrLRF7q1 recipe=2 action= changed=1 fav=1
[2026-02-06 07:21:41] user=Ql1pILdtfYbjjSJOsIcitrLRF7q1 recipe=5 action= changed=1 fav=1
[2026-02-06 07:29:47] user=Ql1pILdtfYbjjSJOsIcitrLRF7q1 recipe=2 action= changed=1 fav=0
[2026-02-06 07:29:48] user=Ql1pILdtfYbjjSJOsIcitrLRF7q1 recipe=2 action= changed=1 fav=1
[2026-02-07 09:33:55] user=Ql1pILdtfYbjjSJOsIcitrLRF7q1 recipe=4 action= changed=1 fav=1
[2026-02-07 09:34:21] user=Ql1pILdtfYbjjSJOsIcitrLRF7q1 recipe=4 action=remove changed=1 fav=0
[2026-02-07 09:34:28] user=Ql1pILdtfYbjjSJOsIcitrLRF7q1 recipe=1 action= changed=1 fav=1
[2026-02-07 09:34:29] user=Ql1pILdtfYbjjSJOsIcitrLRF7q1 recipe=3 action= changed=1 fav=1
[2026-02-07 13:05:41] user=Ql1pILdtfYbjjSJOsIcitrLRF7q1 recipe=2 action= changed=1 fav=1
[2026-02-07 13:05:42] user=Ql1pILdtfYbjjSJOsIcitrLRF7q1 recipe=1 action= changed=1 fav=1
[2026-02-07 13:18:26] user=Ql1pILdtfYbjjSJOsIcitrLRF7q1 recipe=1 action= changed=1 fav=0
[2026-02-07 13:18:26] user=Ql1pILdtfYbjjSJOsIcitrLRF7q1 recipe=1 action= changed=1 fav=1
[2026-02-07 13:58:18] user=Ql1pILdtfYbjjSJOsIcitrLRF7q1 recipe=1 action= changed=1 fav=0
[2026-02-07 13:58:18] user=Ql1pILdtfYbjjSJOsIcitrLRF7q1 recipe=1 action= changed=1 fav=1
[2026-02-07 13:58:19] user=Ql1pILdtfYbjjSJOsIcitrLRF7q1 recipe=1 action= changed=1 fav=0
[2026-02-07 13:58:20] user=Ql1pILdtfYbjjSJOsIcitrLRF7q1 recipe=1 action= changed=1 fav=1
[2026-02-07 14:07:34] user=Ql1pILdtfYbjjSJOsIcitrLRF7q1 recipe=4 action= changed=1 fav=1
[2026-02-10 02:44:00] user=Ql1pILdtfYbjjSJOsIcitrLRF7q1 recipe=5 action= changed=1 fav=1
[2026-02-10 02:44:04] user=Ql1pILdtfYbjjSJOsIcitrLRF7q1 recipe=5 action=remove changed=1 fav=0
[2026-02-10 02:56:55] user=Ql1pILdtfYbjjSJOsIcitrLRF7q1 recipe=2 action= changed=1 fav=1
[2026-02-10 03:51:02] user=Ql1pILdtfYbjjSJOsIcitrLRF7q1 recipe=1 action= changed=1 fav=1
[2026-02-10 03:51:24] user=Ql1pILdtfYbjjSJOsIcitrLRF7q1 recipe=1 action=remove changed=1 fav=0
[2026-02-10 03:54:04] user=Ql1pILdtfYbjjSJOsIcitrLRF7q1 recipe=1 action= changed=1 fav=1
